
------------------------- Start Test: 114: DcmAppl_Supplier_Software_Version_0xFEE0_1

<Insert test case description here>

    Start Call Sequence Validation:
    Expected calls: ({memcpy#default});({
                    RBLCF_GetFirstHexBlock#TRUE_RBLCF_HEXINFOTYPE_COMPLETE})

        PASSED: Function: RBLCF_GetFirstHexBlock
        PASSED: Instance: TRUE_RBLCF_HEXINFOTYPE_COMPLETE
        Call sequence matched so far: 
        RBLCF_GetFirstHexBlock#TRUE_RBLCF_HEXINFOTYPE_COMPLETE
>>  FAILED: No match for memcpy in expected call sequence 
Expecting: RBLCF_GetFirstHexBlock#TRUE_RBLCF_HEXINFOTYPE_COMPLETE or End of 
           Call Sequence
Call sequence matched so far: 
RBLCF_GetFirstHexBlock#TRUE_RBLCF_HEXINFOTYPE_COMPLETE
>> Script Error: Call instance not defined.
>> Script Error: Call instance not defined.
        PASSED: Check: returnValue = expected_returnValue
                value: 0x00    <NUL>
        PASSED: Check Memory: C_F12E_PUB
        PASSED: Check Memory: C_F12E_MERGE
        PASSED: Check Memory: g_ECUCoreAssemPartNum_Read
        PASSED: Check Memory: g_ECUDeliveryAssemPartNum_Read
        PASSED: Check Memory: C_F1AE_PUB
        PASSED: Check Memory: C_F1AE_MERGE
        PASSED: Check Memory: g_ECUDeliveryAssemPartNum_Geely_Read
        PASSED: Check Memory: g_ECUCoreAssemPartNum_Geely_Read
        PASSED: Check Memory: C_F120_PUB
        PASSED: Check Memory: ECUSerialNumber
        PASSED: Check Memory: C_F1A0_PUB
        PASSED: Check Memory: ComScl_RawSigGrp_igVehModMngtGlbSafe1_0
        PASSED: Check Memory: g_NMStatebufferFlexray_PST
        PASSED: Check Memory: g_NMStatebufferChasCAN_PST
        PASSED: Check Memory: g_NMStatebufferADReduCAN_PST
        PASSED: Check Memory: ComScl_RawSigGrp_igVehBattU
        PASSED: Check: RBMESG_RBVSI_InputRodStrokeCalc = 
        expected_RBMESG_RBVSI_InputRodStrokeCalc
                value: 21845
        PASSED: Check: MESG_NMSG_CarTiGlb_UL = expected_MESG_NMSG_CarTiGlb_UL
                value: 1431655765
        PASSED: Check: MESG_NMSG_DcmPNCStatus_u32 = 
        expected_MESG_NMSG_DcmPNCStatus_u32
                value: 1431655765
        PASSED: Check: MESG_NMSG_DstTrvlDMst_RCV_UL = 
        expected_MESG_NMSG_DstTrvlDMst_RCV_UL
                value: 1431655765
        PASSED: Check Memory: MESG_NMSG_VehicleSpeed_ST
        PASSED: Check: ACCESS_VARIABLE(DcmAppl_22_rdbi, gs_RBMESG_UBBFiltered) 
        = ACCESS_EXPECTED_VARIABLE(DcmAppl_22_rdbi, gs_RBMESG_UBBFiltered)
                value: 21845
        PASSED: Check: RBMESG_RBMESG_UBBFiltered = 
        expected_RBMESG_RBMESG_UBBFiltered
                value: 21845
        PASSED: Check: ACCESS_VARIABLE(DcmAppl_22_rdbi, 
        gs_RBMESG_UBBFilteredAFterConv) = 
        ACCESS_EXPECTED_VARIABLE(DcmAppl_22_rdbi, 
        gs_RBMESG_UBBFilteredAFterConv)
                value: 0x55    'U'
        PASSED: Check: RBMESG_RBMESG_LiPS2Signal_S16 = 
        expected_RBMESG_RBMESG_LiPS2Signal_S16
                value: 21845
        PASSED: Check: RBMESG_RBMESG_BLMTemperatureB6_Ch1_s16 = 
        expected_RBMESG_RBMESG_BLMTemperatureB6_Ch1_s16
                value: 21845
        PASSED: Check: RBMESG_RBMESG_BLMTemperatureB6_Ch2_s16 = 
        expected_RBMESG_RBMESG_BLMTemperatureB6_Ch2_s16
                value: 21845
        PASSED: Check Memory: MESG_NMSG_GCC_InvalidParametersArray_ST
        PASSED: Check: MESG_NMSG_iBStatusXMT_N = 
        expected_MESG_NMSG_iBStatusXMT_N
                value: 1431655765
        PASSED: Check Memory: MESG_NMSG_pForceBlendingPotentialXMT_ST
        PASSED: Check Memory: MESG_NMSG_sOutputRodDrvr_ST
        PASSED: Check Memory: MESG_NMSG_sOutputRod_Act_ST
        PASSED: Check Memory: MESG_NMSG_ExtReq_XMT_ST
        PASSED: Check Memory: MESG_NMSG_pRunoutXMT_ST
        PASSED: Check: ACCESS_VARIABLE(DcmAppl_22_rdbi, gs_invalidCcpCounter) =
         ACCESS_EXPECTED_VARIABLE(DcmAppl_22_rdbi, gs_invalidCcpCounter)
                value: 0x55    'U'
        PASSED: Check Memory: ComScl_RawSigGrp_igVehCfgPrm
        PASSED: Check: RBMESG_QCMStsFlag_Persistent_UB = 
        expected_RBMESG_QCMStsFlag_Persistent_UB
                value: 0x55    'U'
        PASSED: Check: RBMESG_NVM_QCMResult_Valid = 
        expected_RBMESG_NVM_QCMResult_Valid
                value: 0x55    'U'
        PASSED: Check Memory: g_QCMActDeact_UB
>>  FAILED: Check: MESG_RBAPO_ActuatorPositionQualifier = 
expected_MESG_RBAPO_ActuatorPositionQualifier
           actual: 1431655745
         expected: 1431655765
        PASSED: Check: MESG_RBAPO_ActuatorPosition = 
        expected_MESG_RBAPO_ActuatorPosition
                value: 21845
        PASSED: Check: MESG_RBVSA_OutputRodActualQualifier = 
        expected_MESG_RBVSA_OutputRodActualQualifier
                value: 1431655765
        PASSED: Check: MESG_RBVSA_OutputRodActual = 
        expected_MESG_RBVSA_OutputRodActual
                value: 21845
        PASSED: Check: MESG_RBVSI_pMC_calibrated = 
        expected_MESG_RBVSI_pMC_calibrated
                value: 21845
        PASSED: Check: RBMESG_RBMESG_UB6Filtered = 
        expected_RBMESG_RBMESG_UB6Filtered
                value: 21845
        PASSED: Check: RBPSC_SpeedTarget = expected_RBPSC_SpeedTarget
                value: 21845
        PASSED: Check: RBPSC_SpeedActual = expected_RBPSC_SpeedActual
                value: 21845
        PASSED: Check: RBPSC_TorqueTarget = expected_RBPSC_TorqueTarget
                value: 21845
        PASSED: Check: RBPSC_TorqueActual = expected_RBPSC_TorqueActual
                value: 21845
        PASSED: Check: RBMESG_iB_status_N = expected_RBMESG_iB_status_N
                value: 1431655765
        PASSED: Check: RBMESG_iB_ready_for_actuation_B = 
        expected_RBMESG_iB_ready_for_actuation_B
                value: 0x55    'U'
        PASSED: Check: RBMESG_DriverOnPedal_B = expected_RBMESG_DriverOnPedal_B
                value: 0x55    'U'
        PASSED: Check: RBMESG_iB_BrkLightActive_B = 
        expected_RBMESG_iB_BrkLightActive_B
                value: 0x55    'U'
        PASSED: Check: ACCESS_VARIABLE(DcmAppl_22_rdbi, 
        Public_Checksum_Read_RdbiErrCodeOpenSession) = 
        ACCESS_EXPECTED_VARIABLE(DcmAppl_22_rdbi, 
        Public_Checksum_Read_RdbiErrCodeOpenSession)
                value: 1431655765
        PASSED: Check: ACCESS_VARIABLE(DcmAppl_22_rdbi, 
        Public_Checksum_Read_RdbihSession) = 
        ACCESS_EXPECTED_VARIABLE(DcmAppl_22_rdbi, 
        Public_Checksum_Read_RdbihSession)
                value: 1431655765
        PASSED: Check: ACCESS_VARIABLE(DcmAppl_22_rdbi, 
        Public_Checksum_Read_RdbiStorageTag_u32) = 
        ACCESS_EXPECTED_VARIABLE(DcmAppl_22_rdbi, 
        Public_Checksum_Read_RdbiStorageTag_u32)
                value: 1431655765
        PASSED: Check: ACCESS_VARIABLE(DcmAppl_22_rdbi, 
        Public_Checksum_Read_Success) = 
        ACCESS_EXPECTED_VARIABLE(DcmAppl_22_rdbi, Public_Checksum_Read_Success)
                value: 1431655765
        PASSED: Check Memory: ACCESS_VARIABLE(DcmAppl_22_rdbi, 
        securePublicKeyChecksumData)
        PASSED: Check: ACCESS_VARIABLE(DcmAppl_22_rdbi, secureDataCnt) = 
        ACCESS_EXPECTED_VARIABLE(DcmAppl_22_rdbi, secureDataCnt)
                value: 1431655765
        PASSED: Check: ACCESS_VARIABLE(DcmAppl_22_rdbi, 
        Public_Checksum_Read_RdbihJob) = 
        ACCESS_EXPECTED_VARIABLE(DcmAppl_22_rdbi, 
        Public_Checksum_Read_RdbihJob)
                value: 1431655765
>>  FAILED: Check Memory: map_Data
Offset = 0x00
  actual: 55 55 55 00 55 5F 55 55 55 55 55 00 00 55 55        UUU.U_UUUUU..UU 
expected: 55 55 55 55 55 55 55 55 55 55 55 55 55 55 55        UUUUUUUUUUUUUUU 
                   ^^    ^^                ^^ ^^                 ^ ^     ^^   
        15 bytes compared. A total of 4 bytes unequal
        PASSED: Check Memory: map_Data_1
        PASSED: Check Memory: map_Data_2
        PASSED: Check Memory: map_Data_3
        PASSED: Check Memory: map_Data_4
        PASSED: Check Memory: map_Data_5
        PASSED: Check Memory: map_Data_6
        PASSED: Check Memory: map_Data_7
        PASSED: Check Memory: map_Data_8
        PASSED: Check Memory: map_Data_9
        PASSED: Check Memory: map_Data_10
        PASSED: Check Memory: map_Data_11
        PASSED: Check Memory: map_Data_12
        PASSED: Check Memory: map_Data_13
        PASSED: Check Memory: map_Data_14
        PASSED: Check Memory: map_Data_15
        PASSED: Check Memory: map_Data_17
        PASSED: Check Memory: map_Data_18
        PASSED: Check Memory: map_Data_19
        PASSED: Check Memory: map_Data_20
        PASSED: Check Memory: map_Data_21
        PASSED: Check Memory: map_Data_22
        PASSED: Check Memory: map_Data_23
        PASSED: Check Memory: map_Data_24
        PASSED: Check Memory: map_Data_25
        PASSED: Check Memory: map_Data_26
        PASSED: Check Memory: map_Data_27
        PASSED: Check Memory: map_Data_28
        PASSED: Check Memory: map_Data_29
        PASSED: Check Memory: map_Data_30
        PASSED: Check Memory: map_Data_31
        PASSED: Check Memory: map_Data_32
        PASSED: Check Memory: map_Data_33
        PASSED: Check Memory: map_Data_34
        PASSED: Check Memory: map_Data_35
        PASSED: Check Memory: map_pBuffer
        PASSED: Check Memory: map_Data_36
        PASSED: Check Memory: map_Data_37

    End Call Sequence Validation:

    Call sequence matched: 
    RBLCF_GetFirstHexBlock#TRUE_RBLCF_HEXINFOTYPE_COMPLETE

------------------------- End Test: 114: DcmAppl_Supplier_Software_Version_0xFEE0_1
